Requirement already up-to-date: clienBBS in /Users/slz/anaconda/lib/python3.6/site-packages (0.55)
Requirement already satisfied, skipping upgrade: bs4 in /Users/slz/anaconda/lib/python3.6/site-packages (from clienBBS) (0.0.1)
Requirement already satisfied, skipping upgrade: lxml in /Users/slz/anaconda/lib/python3.6/site-packages (from clienBBS) (4.2.3)
Requirement already satisfied, skipping upgrade: urllib3 in /Users/slz/anaconda/lib/python3.6/site-packages (from clienBBS) (1.23)
Requirement already satisfied, skipping upgrade: certifi in /Users/slz/anaconda/lib/python3.6/site-packages (from clienBBS) (2018.11.29)
Requirement already satisfied, skipping upgrade: pyreadline in /Users/slz/anaconda/lib/python3.6/site-packages (from clienBBS) (2.1)
Requirement already satisfied, skipping upgrade: requests in /Users/slz/anaconda/lib/python3.6/site-packages (from clienBBS) (2.19.1)
Requirement already satisfied, skipping upgrade: image in /Users/slz/anaconda/lib/python3.6/site-packages (from clienBBS) (1.5.24)
Requirement already satisfied, skipping upgrade: beautifulsoup4 in /Users/slz/anaconda/lib/python3.6/site-packages (from bs4->clienBBS) (4.6.0)
Requirement already satisfied, skipping upgrade: chardet<3.1.0,>=3.0.2 in /Users/slz/anaconda/lib/python3.6/site-packages (from requests->clienBBS) (3.0.4)
Requirement already satisfied, skipping upgrade: idna<2.8,>=2.5 in /Users/slz/anaconda/lib/python3.6/site-packages (from requests->clienBBS) (2.7)
Requirement already satisfied, skipping upgrade: pillow in /Users/slz/anaconda/lib/python3.6/site-packages (from image->clienBBS) (5.2.0)
Requirement already satisfied, skipping upgrade: django in /Users/slz/anaconda/lib/python3.6/site-packages (from image->clienBBS) (2.0.7)
Requirement already satisfied, skipping upgrade: pytz in /Users/slz/anaconda/lib/python3.6/site-packages (from django->image->clienBBS) (2018.5)
Requirement already up-to-date: clienBBS in /Users/slz/anaconda/lib/python3.6/site-packages (0.55)
Requirement already satisfied, skipping upgrade: image in /Users/slz/anaconda/lib/python3.6/site-packages (from clienBBS) (1.5.24)
Requirement already satisfied, skipping upgrade: urllib3 in /Users/slz/anaconda/lib/python3.6/site-packages (from clienBBS) (1.23)
Requirement already satisfied, skipping upgrade: lxml in /Users/slz/anaconda/lib/python3.6/site-packages (from clienBBS) (4.2.3)
Requirement already satisfied, skipping upgrade: pyreadline in /Users/slz/anaconda/lib/python3.6/site-packages (from clienBBS) (2.1)
Requirement already satisfied, skipping upgrade: certifi in /Users/slz/anaconda/lib/python3.6/site-packages (from clienBBS) (2018.11.29)
Requirement already satisfied, skipping upgrade: bs4 in /Users/slz/anaconda/lib/python3.6/site-packages (from clienBBS) (0.0.1)
Requirement already satisfied, skipping upgrade: requests in /Users/slz/anaconda/lib/python3.6/site-packages (from clienBBS) (2.19.1)
Requirement already satisfied, skipping upgrade: pillow in /Users/slz/anaconda/lib/python3.6/site-packages (from image->clienBBS) (5.2.0)
Requirement already satisfied, skipping upgrade: django in /Users/slz/anaconda/lib/python3.6/site-packages (from image->clienBBS) (2.0.7)
Requirement already satisfied, skipping upgrade: beautifulsoup4 in /Users/slz/anaconda/lib/python3.6/site-packages (from bs4->clienBBS) (4.6.0)
Requirement already satisfied, skipping upgrade: chardet<3.1.0,>=3.0.2 in /Users/slz/anaconda/lib/python3.6/site-packages (from requests->clienBBS) (3.0.4)
Requirement already satisfied, skipping upgrade: idna<2.8,>=2.5 in /Users/slz/anaconda/lib/python3.6/site-packages (from requests->clienBBS) (2.7)
Requirement already satisfied, skipping upgrade: pytz in /Users/slz/anaconda/lib/python3.6/site-packages (from django->image->clienBBS) (2018.5)
Requirement already up-to-date: clienBBS in /Users/slz/anaconda/lib/python3.6/site-packages (0.55)
Requirement already satisfied, skipping upgrade: urllib3 in /Users/slz/anaconda/lib/python3.6/site-packages (from clienBBS) (1.23)
Requirement already satisfied, skipping upgrade: lxml in /Users/slz/anaconda/lib/python3.6/site-packages (from clienBBS) (4.2.3)
Requirement already satisfied, skipping upgrade: bs4 in /Users/slz/anaconda/lib/python3.6/site-packages (from clienBBS) (0.0.1)
Requirement already satisfied, skipping upgrade: image in /Users/slz/anaconda/lib/python3.6/site-packages (from clienBBS) (1.5.24)
Requirement already satisfied, skipping upgrade: requests in /Users/slz/anaconda/lib/python3.6/site-packages (from clienBBS) (2.19.1)
Requirement already satisfied, skipping upgrade: certifi in /Users/slz/anaconda/lib/python3.6/site-packages (from clienBBS) (2018.11.29)
Requirement already satisfied, skipping upgrade: pyreadline in /Users/slz/anaconda/lib/python3.6/site-packages (from clienBBS) (2.1)
Requirement already satisfied, skipping upgrade: beautifulsoup4 in /Users/slz/anaconda/lib/python3.6/site-packages (from bs4->clienBBS) (4.6.0)
Requirement already satisfied, skipping upgrade: pillow in /Users/slz/anaconda/lib/python3.6/site-packages (from image->clienBBS) (5.2.0)
Requirement already satisfied, skipping upgrade: django in /Users/slz/anaconda/lib/python3.6/site-packages (from image->clienBBS) (2.0.7)
Requirement already satisfied, skipping upgrade: chardet<3.1.0,>=3.0.2 in /Users/slz/anaconda/lib/python3.6/site-packages (from requests->clienBBS) (3.0.4)
Requirement already satisfied, skipping upgrade: idna<2.8,>=2.5 in /Users/slz/anaconda/lib/python3.6/site-packages (from requests->clienBBS) (2.7)
Requirement already satisfied, skipping upgrade: pytz in /Users/slz/anaconda/lib/python3.6/site-packages (from django->image->clienBBS) (2018.5)
Requirement already up-to-date: clienBBS in /Users/slz/anaconda/lib/python3.6/site-packages (0.55)
Requirement already satisfied, skipping upgrade: image in /Users/slz/anaconda/lib/python3.6/site-packages (from clienBBS) (1.5.24)
Requirement already satisfied, skipping upgrade: pyreadline in /Users/slz/anaconda/lib/python3.6/site-packages (from clienBBS) (2.1)
Requirement already satisfied, skipping upgrade: lxml in /Users/slz/anaconda/lib/python3.6/site-packages (from clienBBS) (4.2.3)
Requirement already satisfied, skipping upgrade: urllib3 in /Users/slz/anaconda/lib/python3.6/site-packages (from clienBBS) (1.23)
Requirement already satisfied, skipping upgrade: requests in /Users/slz/anaconda/lib/python3.6/site-packages (from clienBBS) (2.19.1)
Requirement already satisfied, skipping upgrade: certifi in /Users/slz/anaconda/lib/python3.6/site-packages (from clienBBS) (2018.11.29)
Requirement already satisfied, skipping upgrade: bs4 in /Users/slz/anaconda/lib/python3.6/site-packages (from clienBBS) (0.0.1)
Requirement already satisfied, skipping upgrade: pillow in /Users/slz/anaconda/lib/python3.6/site-packages (from image->clienBBS) (5.2.0)
Requirement already satisfied, skipping upgrade: django in /Users/slz/anaconda/lib/python3.6/site-packages (from image->clienBBS) (2.0.7)
Requirement already satisfied, skipping upgrade: idna<2.8,>=2.5 in /Users/slz/anaconda/lib/python3.6/site-packages (from requests->clienBBS) (2.7)
Requirement already satisfied, skipping upgrade: chardet<3.1.0,>=3.0.2 in /Users/slz/anaconda/lib/python3.6/site-packages (from requests->clienBBS) (3.0.4)
Requirement already satisfied, skipping upgrade: beautifulsoup4 in /Users/slz/anaconda/lib/python3.6/site-packages (from bs4->clienBBS) (4.6.0)
Requirement already satisfied, skipping upgrade: pytz in /Users/slz/anaconda/lib/python3.6/site-packages (from django->image->clienBBS) (2018.5)
Requirement already up-to-date: clienBBS in /Users/slz/anaconda/lib/python3.6/site-packages (0.55)
Requirement already satisfied, skipping upgrade: urllib3 in /Users/slz/anaconda/lib/python3.6/site-packages (from clienBBS) (1.23)
Requirement already satisfied, skipping upgrade: bs4 in /Users/slz/anaconda/lib/python3.6/site-packages (from clienBBS) (0.0.1)
Requirement already satisfied, skipping upgrade: image in /Users/slz/anaconda/lib/python3.6/site-packages (from clienBBS) (1.5.24)
Requirement already satisfied, skipping upgrade: requests in /Users/slz/anaconda/lib/python3.6/site-packages (from clienBBS) (2.19.1)
Requirement already satisfied, skipping upgrade: lxml in /Users/slz/anaconda/lib/python3.6/site-packages (from clienBBS) (4.2.3)
Requirement already satisfied, skipping upgrade: certifi in /Users/slz/anaconda/lib/python3.6/site-packages (from clienBBS) (2018.11.29)
Requirement already satisfied, skipping upgrade: pyreadline in /Users/slz/anaconda/lib/python3.6/site-packages (from clienBBS) (2.1)
Requirement already satisfied, skipping upgrade: beautifulsoup4 in /Users/slz/anaconda/lib/python3.6/site-packages (from bs4->clienBBS) (4.6.0)
Requirement already satisfied, skipping upgrade: pillow in /Users/slz/anaconda/lib/python3.6/site-packages (from image->clienBBS) (5.2.0)
Requirement already satisfied, skipping upgrade: django in /Users/slz/anaconda/lib/python3.6/site-packages (from image->clienBBS) (2.0.7)
Requirement already satisfied, skipping upgrade: idna<2.8,>=2.5 in /Users/slz/anaconda/lib/python3.6/site-packages (from requests->clienBBS) (2.7)
Requirement already satisfied, skipping upgrade: chardet<3.1.0,>=3.0.2 in /Users/slz/anaconda/lib/python3.6/site-packages (from requests->clienBBS) (3.0.4)
Requirement already satisfied, skipping upgrade: pytz in /Users/slz/anaconda/lib/python3.6/site-packages (from django->image->clienBBS) (2018.5)
Requirement already up-to-date: clienBBS in /Users/slz/anaconda/lib/python3.6/site-packages (0.55)
Requirement already satisfied, skipping upgrade: image in /Users/slz/anaconda/lib/python3.6/site-packages (from clienBBS) (1.5.24)
Requirement already satisfied, skipping upgrade: lxml in /Users/slz/anaconda/lib/python3.6/site-packages (from clienBBS) (4.2.3)
Requirement already satisfied, skipping upgrade: certifi in /Users/slz/anaconda/lib/python3.6/site-packages (from clienBBS) (2018.11.29)
Requirement already satisfied, skipping upgrade: requests in /Users/slz/anaconda/lib/python3.6/site-packages (from clienBBS) (2.19.1)
Requirement already satisfied, skipping upgrade: urllib3 in /Users/slz/anaconda/lib/python3.6/site-packages (from clienBBS) (1.23)
Requirement already satisfied, skipping upgrade: bs4 in /Users/slz/anaconda/lib/python3.6/site-packages (from clienBBS) (0.0.1)
Requirement already satisfied, skipping upgrade: pyreadline in /Users/slz/anaconda/lib/python3.6/site-packages (from clienBBS) (2.1)
Requirement already satisfied, skipping upgrade: pillow in /Users/slz/anaconda/lib/python3.6/site-packages (from image->clienBBS) (5.2.0)
Requirement already satisfied, skipping upgrade: django in /Users/slz/anaconda/lib/python3.6/site-packages (from image->clienBBS) (2.0.7)
Requirement already satisfied, skipping upgrade: chardet<3.1.0,>=3.0.2 in /Users/slz/anaconda/lib/python3.6/site-packages (from requests->clienBBS) (3.0.4)
Requirement already satisfied, skipping upgrade: idna<2.8,>=2.5 in /Users/slz/anaconda/lib/python3.6/site-packages (from requests->clienBBS) (2.7)
Requirement already satisfied, skipping upgrade: beautifulsoup4 in /Users/slz/anaconda/lib/python3.6/site-packages (from bs4->clienBBS) (4.6.0)
Requirement already satisfied, skipping upgrade: pytz in /Users/slz/anaconda/lib/python3.6/site-packages (from django->image->clienBBS) (2018.5)
Requirement already up-to-date: clienBBS in /Users/slz/anaconda/lib/python3.6/site-packages (0.55)
Requirement already satisfied, skipping upgrade: lxml in /Users/slz/anaconda/lib/python3.6/site-packages (from clienBBS) (4.2.3)
Requirement already satisfied, skipping upgrade: pyreadline in /Users/slz/anaconda/lib/python3.6/site-packages (from clienBBS) (2.1)
Requirement already satisfied, skipping upgrade: certifi in /Users/slz/anaconda/lib/python3.6/site-packages (from clienBBS) (2018.11.29)
Requirement already satisfied, skipping upgrade: image in /Users/slz/anaconda/lib/python3.6/site-packages (from clienBBS) (1.5.24)
Requirement already satisfied, skipping upgrade: requests in /Users/slz/anaconda/lib/python3.6/site-packages (from clienBBS) (2.19.1)
Requirement already satisfied, skipping upgrade: bs4 in /Users/slz/anaconda/lib/python3.6/site-packages (from clienBBS) (0.0.1)
Requirement already satisfied, skipping upgrade: urllib3 in /Users/slz/anaconda/lib/python3.6/site-packages (from clienBBS) (1.23)
Requirement already satisfied, skipping upgrade: pillow in /Users/slz/anaconda/lib/python3.6/site-packages (from image->clienBBS) (5.2.0)
Requirement already satisfied, skipping upgrade: django in /Users/slz/anaconda/lib/python3.6/site-packages (from image->clienBBS) (2.0.7)
Requirement already satisfied, skipping upgrade: idna<2.8,>=2.5 in /Users/slz/anaconda/lib/python3.6/site-packages (from requests->clienBBS) (2.7)
Requirement already satisfied, skipping upgrade: chardet<3.1.0,>=3.0.2 in /Users/slz/anaconda/lib/python3.6/site-packages (from requests->clienBBS) (3.0.4)
Requirement already satisfied, skipping upgrade: beautifulsoup4 in /Users/slz/anaconda/lib/python3.6/site-packages (from bs4->clienBBS) (4.6.0)
Requirement already satisfied, skipping upgrade: pytz in /Users/slz/anaconda/lib/python3.6/site-packages (from django->image->clienBBS) (2018.5)
Requirement already up-to-date: clienBBS in /Users/slz/anaconda/lib/python3.6/site-packages (0.55)
Requirement already satisfied, skipping upgrade: pyreadline in /Users/slz/anaconda/lib/python3.6/site-packages (from clienBBS) (2.1)
Requirement already satisfied, skipping upgrade: requests in /Users/slz/anaconda/lib/python3.6/site-packages (from clienBBS) (2.19.1)
Requirement already satisfied, skipping upgrade: urllib3 in /Users/slz/anaconda/lib/python3.6/site-packages (from clienBBS) (1.23)
Requirement already satisfied, skipping upgrade: bs4 in /Users/slz/anaconda/lib/python3.6/site-packages (from clienBBS) (0.0.1)
Requirement already satisfied, skipping upgrade: lxml in /Users/slz/anaconda/lib/python3.6/site-packages (from clienBBS) (4.2.3)
Requirement already satisfied, skipping upgrade: image in /Users/slz/anaconda/lib/python3.6/site-packages (from clienBBS) (1.5.24)
Requirement already satisfied, skipping upgrade: certifi in /Users/slz/anaconda/lib/python3.6/site-packages (from clienBBS) (2018.11.29)
Requirement already satisfied, skipping upgrade: chardet<3.1.0,>=3.0.2 in /Users/slz/anaconda/lib/python3.6/site-packages (from requests->clienBBS) (3.0.4)
Requirement already satisfied, skipping upgrade: idna<2.8,>=2.5 in /Users/slz/anaconda/lib/python3.6/site-packages (from requests->clienBBS) (2.7)
Requirement already satisfied, skipping upgrade: beautifulsoup4 in /Users/slz/anaconda/lib/python3.6/site-packages (from bs4->clienBBS) (4.6.0)
Requirement already satisfied, skipping upgrade: pillow in /Users/slz/anaconda/lib/python3.6/site-packages (from image->clienBBS) (5.2.0)
Requirement already satisfied, skipping upgrade: django in /Users/slz/anaconda/lib/python3.6/site-packages (from image->clienBBS) (2.0.7)
Requirement already satisfied, skipping upgrade: pytz in /Users/slz/anaconda/lib/python3.6/site-packages (from django->image->clienBBS) (2018.5)
